<?xml version="1.0" encoding="UTF-8"?>
<!-- Generated by org.testng.reporters.JUnitXMLReporter -->
<testsuite hostname="DESKTOP-SSR0MR3" ignored="0" name="Test" tests="7" failures="5" timestamp="2021-01-25T20:42:50 GMT" time="5.353" errors="0">
  <testcase name="getUsersValidEP_TC001" time="3.062" classname="com.eo.tests.GetUsers"/>
  <testcase name="getUsersCount_TC002" time="0.204" classname="com.eo.tests.GetUsers">
    <failure type="java.lang.AssertionError" message="expected [6] but found [12]">
      <![CDATA[java.lang.AssertionError: expected [6] but found [12]
at com.eo.tests.GetUsers.getUsersCount_TC002(GetUsers.java:69)
at java.util.ArrayList.forEach(Unknown Source)
... Removed 33 stack frames]]>
    </failure>
  </testcase> <!-- getUsersCount_TC002 -->
  <testcase name="getUsersIncorrectEP_TC003" time="0.197" classname="com.eo.tests.GetUsers">
    <failure type="java.lang.AssertionError" message="expected [200] but found [404]">
      <![CDATA[java.lang.AssertionError: expected [200] but found [404]
at com.eo.tests.GetUsers.getUsersIncorrectEP_TC003(GetUsers.java:83)
at java.util.ArrayList.forEach(Unknown Source)
... Removed 33 stack frames]]>
    </failure>
  </testcase> <!-- getUsersIncorrectEP_TC003 -->
  <testcase name="createNewUser_TC004" time="0.0" classname="com.eo.tests.PostNewUser">
    <skipped/>
  </testcase> <!-- createNewUser_TC004 -->
  <testcase name="createNewUserIncorrectEP_TC005" time="0.516" classname="com.eo.tests.PostNewUser">
    <failure type="java.lang.AssertionError" message="expected [201] but found [404]">
      <![CDATA[java.lang.AssertionError: expected [201] but found [404]
at com.eo.tests.PostNewUser.createNewUserIncorrectEP_TC005(PostNewUser.java:83)
at java.util.ArrayList.forEach(Unknown Source)
... Removed 33 stack frames]]>
    </failure>
  </testcase> <!-- createNewUserIncorrectEP_TC005 -->
  <testcase name="createNewUserIncorrectParamValuesInteger_TC006" time="0.434" classname="com.eo.tests.PostNewUser">
    <failure type="java.lang.AssertionError" message="expected [201] but found [400]">
      <![CDATA[java.lang.AssertionError: expected [201] but found [400]
at com.eo.tests.PostNewUser.createNewUserIncorrectParamValuesInteger_TC006(PostNewUser.java:107)
at java.util.ArrayList.forEach(Unknown Source)
... Removed 33 stack frames]]>
    </failure>
  </testcase> <!-- createNewUserIncorrectParamValuesInteger_TC006 -->
  <testcase name="createNewUserIncorrectParamValuesSpecChar_TC007" time="0.344" classname="com.eo.tests.PostNewUser">
    <failure type="java.lang.AssertionError" message="expected [201] but found [400]">
      <![CDATA[java.lang.AssertionError: expected [201] but found [400]
at com.eo.tests.PostNewUser.createNewUserIncorrectParamValuesSpecChar_TC007(PostNewUser.java:133)
at java.util.ArrayList.forEach(Unknown Source)
... Removed 33 stack frames]]>
    </failure>
  </testcase> <!-- createNewUserIncorrectParamValuesSpecChar_TC007 -->
</testsuite> <!-- Test -->
